<?xml version="1.0" encoding="UTF-8"?>
<!-- Generated by org.testng.reporters.JUnitReportReporter -->
<testsuite hostname="LAPTOP-ULCVVG57" failures="0" tests="1" name="package1.LoginTest1" time="6.375" errors="0" timestamp="2021-10-23T18:45:37 IST" skipped="0">
  <testcase classname="package1.LoginTest1" name="method1" time="6.375"/>
  <system-out/>
</testsuite> <!-- package1.LoginTest1 -->
